<?xml version="1.0" encoding="UTF-8"?>
<testsuite name="connectfour.BoardTest" tests="4" skipped="0" failures="0" errors="0" timestamp="2022-11-14T05:09:20" hostname="cis2430" time="0.011">
  <properties/>
  <testcase name="testFirstDiagonalCondition" classname="connectfour.BoardTest" time="0.011"/>
  <testcase name="testVerticalWinCondition" classname="connectfour.BoardTest" time="0.0"/>
  <testcase name="testHorizontalWinCondition" classname="connectfour.BoardTest" time="0.0"/>
  <testcase name="testSecondDiagonalCondition" classname="connectfour.BoardTest" time="0.0"/>
  <system-out><![CDATA[]]></system-out>
  <system-err><![CDATA[]]></system-err>
</testsuite>
